[2026-04-15T16:39:47.476+0000] {local_task_job_runner.py:123} INFO - ::group::Pre task execution logs
[2026-04-15T16:39:47.498+0000] {taskinstance.py:2613} INFO - Dependencies all met for dep_context=non-requeueable deps ti=<TaskInstance: stackoverflow_lakehouse_pipeline.bronze_ingest_users_2021 manual__2026-04-15T16:39:45.930758+00:00 [queued]>
[2026-04-15T16:39:47.509+0000] {taskinstance.py:2613} INFO - Dependencies all met for dep_context=requeueable deps ti=<TaskInstance: stackoverflow_lakehouse_pipeline.bronze_ingest_users_2021 manual__2026-04-15T16:39:45.930758+00:00 [queued]>
[2026-04-15T16:39:47.510+0000] {taskinstance.py:2866} INFO - Starting attempt 1 of 3
[2026-04-15T16:39:47.526+0000] {taskinstance.py:2889} INFO - Executing <Task(PythonOperator): bronze_ingest_users_2021> on 2026-04-15 16:39:45.930758+00:00
[2026-04-15T16:39:47.532+0000] {warnings.py:112} WARNING - /home/***/.local/lib/python3.12/site-packages/***/task/task_runner/standard_task_runner.py:70: DeprecationWarning: This process (pid=1047) is multi-threaded, use of fork() may lead to deadlocks in the child.
  pid = os.fork()

[2026-04-15T16:39:47.534+0000] {standard_task_runner.py:104} INFO - Running: ['***', 'tasks', 'run', 'stackoverflow_lakehouse_pipeline', 'bronze_ingest_users_2021', 'manual__2026-04-15T16:39:45.930758+00:00', '--job-id', '9', '--raw', '--subdir', 'DAGS_FOLDER/stackoverflow_lakehouse_dag.py', '--cfg-path', '/tmp/tmp0q19_ucr']
[2026-04-15T16:39:47.536+0000] {standard_task_runner.py:72} INFO - Started process 1048 to run task
[2026-04-15T16:39:47.537+0000] {standard_task_runner.py:105} INFO - Job 9: Subtask bronze_ingest_users_2021
[2026-04-15T16:39:47.604+0000] {task_command.py:467} INFO - Running <TaskInstance: stackoverflow_lakehouse_pipeline.bronze_ingest_users_2021 manual__2026-04-15T16:39:45.930758+00:00 [running]> on host 3159b0321506
[2026-04-15T16:39:47.709+0000] {taskinstance.py:3132} INFO - Exporting env vars: AIRFLOW_CTX_DAG_OWNER='***' AIRFLOW_CTX_DAG_ID='stackoverflow_lakehouse_pipeline' AIRFLOW_CTX_TASK_ID='bronze_ingest_users_2021' AIRFLOW_CTX_EXECUTION_DATE='2026-04-15T16:39:45.930758+00:00' AIRFLOW_CTX_TRY_NUMBER='1' AIRFLOW_CTX_DAG_RUN_ID='manual__2026-04-15T16:39:45.930758+00:00'
[2026-04-15T16:39:47.712+0000] {taskinstance.py:731} INFO - ::endgroup::
[2026-04-15T16:39:47.754+0000] {logging_mixin.py:190} INFO - 
============================================================
[2026-04-15T16:39:47.755+0000] {logging_mixin.py:190} INFO -   TAREA 1: BRONZE — Ingesta users_2021
[2026-04-15T16:39:47.756+0000] {logging_mixin.py:190} INFO - ============================================================
[2026-04-15T16:39:47.757+0000] {logging_mixin.py:190} INFO - Ejecutando: spark-submit --master spark://spark-master:7077 ... bronze_ingest_users.py
[2026-04-15T16:39:56.032+0000] {taskinstance.py:3311} ERROR - Task failed with exception
Traceback (most recent call last):
  File "/home/airflow/.local/lib/python3.12/site-packages/airflow/models/taskinstance.py", line 767, in _execute_task
    result = _execute_callable(context=context, **execute_callable_kwargs)
             ^^^^^^^^^^^^^^^^^^^^^^^^^^^^^^^^^^^^^^^^^^^^^^^^^^^^^^^^^^^^^
  File "/home/airflow/.local/lib/python3.12/site-packages/airflow/models/taskinstance.py", line 733, in _execute_callable
    return ExecutionCallableRunner(
           ^^^^^^^^^^^^^^^^^^^^^^^^
  File "/home/airflow/.local/lib/python3.12/site-packages/airflow/utils/operator_helpers.py", line 252, in run
    return self.func(*args, **kwargs)
           ^^^^^^^^^^^^^^^^^^^^^^^^^^
  File "/home/airflow/.local/lib/python3.12/site-packages/airflow/models/baseoperator.py", line 417, in wrapper
    return func(self, *args, **kwargs)
           ^^^^^^^^^^^^^^^^^^^^^^^^^^^
  File "/home/airflow/.local/lib/python3.12/site-packages/airflow/operators/python.py", line 238, in execute
    return_value = self.execute_callable()
                   ^^^^^^^^^^^^^^^^^^^^^^^
  File "/home/airflow/.local/lib/python3.12/site-packages/airflow/operators/python.py", line 256, in execute_callable
    return runner.run(*self.op_args, **self.op_kwargs)
           ^^^^^^^^^^^^^^^^^^^^^^^^^^^^^^^^^^^^^^^^^^^
  File "/home/airflow/.local/lib/python3.12/site-packages/airflow/utils/operator_helpers.py", line 252, in run
    return self.func(*args, **kwargs)
           ^^^^^^^^^^^^^^^^^^^^^^^^^^
  File "/opt/airflow/dags/stackoverflow_lakehouse_dag.py", line 128, in bronze_task
    _spark_submit("bronze_ingest_users.py")
  File "/opt/airflow/dags/stackoverflow_lakehouse_dag.py", line 120, in _spark_submit
    raise RuntimeError(f"spark-submit falló con código {result.returncode}")
RuntimeError: spark-submit falló con código 1
[2026-04-15T16:39:56.060+0000] {taskinstance.py:1225} INFO - Marking task as UP_FOR_RETRY. dag_id=stackoverflow_lakehouse_pipeline, task_id=bronze_ingest_users_2021, run_id=manual__2026-04-15T16:39:45.930758+00:00, execution_date=20260415T163945, start_date=20260415T163947, end_date=20260415T163956
[2026-04-15T16:39:56.087+0000] {taskinstance.py:340} INFO - ::group::Post task execution logs
[2026-04-15T16:39:56.088+0000] {standard_task_runner.py:124} ERROR - Failed to execute job 9 for task bronze_ingest_users_2021 (spark-submit falló con código 1; 1048)
Traceback (most recent call last):
  File "/home/airflow/.local/lib/python3.12/site-packages/airflow/task/task_runner/standard_task_runner.py", line 117, in _start_by_fork
    ret = args.func(args, dag=self.dag)
          ^^^^^^^^^^^^^^^^^^^^^^^^^^^^^
  File "/home/airflow/.local/lib/python3.12/site-packages/airflow/cli/cli_config.py", line 49, in command
    return func(*args, **kwargs)
           ^^^^^^^^^^^^^^^^^^^^^
  File "/home/airflow/.local/lib/python3.12/site-packages/airflow/utils/cli.py", line 116, in wrapper
    return f(*args, **kwargs)
           ^^^^^^^^^^^^^^^^^^
  File "/home/airflow/.local/lib/python3.12/site-packages/airflow/cli/commands/task_command.py", line 483, in task_run
    task_return_code = _run_task_by_selected_method(args, _dag, ti)
                       ^^^^^^^^^^^^^^^^^^^^^^^^^^^^^^^^^^^^^^^^^^^^
  File "/home/airflow/.local/lib/python3.12/site-packages/airflow/cli/commands/task_command.py", line 256, in _run_task_by_selected_method
    return _run_raw_task(args, ti)
           ^^^^^^^^^^^^^^^^^^^^^^^
  File "/home/airflow/.local/lib/python3.12/site-packages/airflow/cli/commands/task_command.py", line 341, in _run_raw_task
    return ti._run_raw_task(
           ^^^^^^^^^^^^^^^^^
  File "/home/airflow/.local/lib/python3.12/site-packages/airflow/utils/session.py", line 97, in wrapper
    return func(*args, session=session, **kwargs)
           ^^^^^^^^^^^^^^^^^^^^^^^^^^^^^^^^^^^^^^
  File "/home/airflow/.local/lib/python3.12/site-packages/airflow/models/taskinstance.py", line 3005, in _run_raw_task
    return _run_raw_task(
           ^^^^^^^^^^^^^^
  File "/home/airflow/.local/lib/python3.12/site-packages/airflow/models/taskinstance.py", line 273, in _run_raw_task
    TaskInstance._execute_task_with_callbacks(
  File "/home/airflow/.local/lib/python3.12/site-packages/airflow/models/taskinstance.py", line 3159, in _execute_task_with_callbacks
    result = self._execute_task(context, task_orig)
             ^^^^^^^^^^^^^^^^^^^^^^^^^^^^^^^^^^^^^^
  File "/home/airflow/.local/lib/python3.12/site-packages/airflow/models/taskinstance.py", line 3183, in _execute_task
    return _execute_task(self, context, task_orig)
           ^^^^^^^^^^^^^^^^^^^^^^^^^^^^^^^^^^^^^^^
  File "/home/airflow/.local/lib/python3.12/site-packages/airflow/models/taskinstance.py", line 767, in _execute_task
    result = _execute_callable(context=context, **execute_callable_kwargs)
             ^^^^^^^^^^^^^^^^^^^^^^^^^^^^^^^^^^^^^^^^^^^^^^^^^^^^^^^^^^^^^
  File "/home/airflow/.local/lib/python3.12/site-packages/airflow/models/taskinstance.py", line 733, in _execute_callable
    return ExecutionCallableRunner(
           ^^^^^^^^^^^^^^^^^^^^^^^^
  File "/home/airflow/.local/lib/python3.12/site-packages/airflow/utils/operator_helpers.py", line 252, in run
    return self.func(*args, **kwargs)
           ^^^^^^^^^^^^^^^^^^^^^^^^^^
  File "/home/airflow/.local/lib/python3.12/site-packages/airflow/models/baseoperator.py", line 417, in wrapper
    return func(self, *args, **kwargs)
           ^^^^^^^^^^^^^^^^^^^^^^^^^^^
  File "/home/airflow/.local/lib/python3.12/site-packages/airflow/operators/python.py", line 238, in execute
    return_value = self.execute_callable()
                   ^^^^^^^^^^^^^^^^^^^^^^^
  File "/home/airflow/.local/lib/python3.12/site-packages/airflow/operators/python.py", line 256, in execute_callable
    return runner.run(*self.op_args, **self.op_kwargs)
           ^^^^^^^^^^^^^^^^^^^^^^^^^^^^^^^^^^^^^^^^^^^
  File "/home/airflow/.local/lib/python3.12/site-packages/airflow/utils/operator_helpers.py", line 252, in run
    return self.func(*args, **kwargs)
           ^^^^^^^^^^^^^^^^^^^^^^^^^^
  File "/opt/airflow/dags/stackoverflow_lakehouse_dag.py", line 128, in bronze_task
    _spark_submit("bronze_ingest_users.py")
  File "/opt/airflow/dags/stackoverflow_lakehouse_dag.py", line 120, in _spark_submit
    raise RuntimeError(f"spark-submit falló con código {result.returncode}")
RuntimeError: spark-submit falló con código 1
[2026-04-15T16:39:56.120+0000] {local_task_job_runner.py:266} INFO - Task exited with return code 1
[2026-04-15T16:39:56.159+0000] {taskinstance.py:3895} INFO - 0 downstream tasks scheduled from follow-on schedule check
[2026-04-15T16:39:56.162+0000] {local_task_job_runner.py:245} INFO - ::endgroup::
