[2026-04-15T17:21:19.247+0000] {local_task_job_runner.py:123} INFO - ::group::Pre task execution logs
[2026-04-15T17:21:19.261+0000] {taskinstance.py:2613} INFO - Dependencies all met for dep_context=non-requeueable deps ti=<TaskInstance: stackoverflow_lakehouse_pipeline.gold_aggregation_post_counts manual__2026-04-15T17:10:22.160371+00:00 [queued]>
[2026-04-15T17:21:19.268+0000] {taskinstance.py:2613} INFO - Dependencies all met for dep_context=requeueable deps ti=<TaskInstance: stackoverflow_lakehouse_pipeline.gold_aggregation_post_counts manual__2026-04-15T17:10:22.160371+00:00 [queued]>
[2026-04-15T17:21:19.269+0000] {taskinstance.py:2866} INFO - Starting attempt 3 of 3
[2026-04-15T17:21:19.279+0000] {taskinstance.py:2889} INFO - Executing <Task(PythonOperator): gold_aggregation_post_counts> on 2026-04-15 17:10:22.160371+00:00
[2026-04-15T17:21:19.285+0000] {warnings.py:112} WARNING - /home/***/.local/lib/python3.12/site-packages/***/task/task_runner/standard_task_runner.py:70: DeprecationWarning: This process (pid=2180) is multi-threaded, use of fork() may lead to deadlocks in the child.
  pid = os.fork()

[2026-04-15T17:21:19.286+0000] {standard_task_runner.py:104} INFO - Running: ['***', 'tasks', 'run', 'stackoverflow_lakehouse_pipeline', 'gold_aggregation_post_counts', 'manual__2026-04-15T17:10:22.160371+00:00', '--job-id', '32', '--raw', '--subdir', 'DAGS_FOLDER/stackoverflow_lakehouse_dag.py', '--cfg-path', '/tmp/tmpzyf667x4']
[2026-04-15T17:21:19.288+0000] {standard_task_runner.py:72} INFO - Started process 2181 to run task
[2026-04-15T17:21:19.289+0000] {standard_task_runner.py:105} INFO - Job 32: Subtask gold_aggregation_post_counts
[2026-04-15T17:21:19.335+0000] {task_command.py:467} INFO - Running <TaskInstance: stackoverflow_lakehouse_pipeline.gold_aggregation_post_counts manual__2026-04-15T17:10:22.160371+00:00 [running]> on host dd2335e7ac80
[2026-04-15T17:21:19.393+0000] {taskinstance.py:3132} INFO - Exporting env vars: AIRFLOW_CTX_DAG_OWNER='***' AIRFLOW_CTX_DAG_ID='stackoverflow_lakehouse_pipeline' AIRFLOW_CTX_TASK_ID='gold_aggregation_post_counts' AIRFLOW_CTX_EXECUTION_DATE='2026-04-15T17:10:22.160371+00:00' AIRFLOW_CTX_TRY_NUMBER='3' AIRFLOW_CTX_DAG_RUN_ID='manual__2026-04-15T17:10:22.160371+00:00'
[2026-04-15T17:21:19.395+0000] {taskinstance.py:731} INFO - ::endgroup::
[2026-04-15T17:21:19.411+0000] {logging_mixin.py:190} INFO - 
============================================================
[2026-04-15T17:21:19.412+0000] {logging_mixin.py:190} INFO -   TAREA 3: GOLD — post_counts_by_user (spark-submit client mode)
[2026-04-15T17:21:19.413+0000] {logging_mixin.py:190} INFO - ============================================================
[2026-04-15T17:21:19.414+0000] {logging_mixin.py:190} INFO - Ejecutando: spark-submit --master spark://spark-master:7077 ... gold_aggregation.py
[2026-04-15T17:21:28.459+0000] {logging_mixin.py:190} INFO - Spark: 3.5.5 | Master: spark://spark-master:7077

============================================================
  GOLD — post_counts_by_user
============================================================

[1/5] Validando tablas Silver...
Traceback (most recent call last):
  File "/opt/***/scripts/gold_aggregation.py", line 156, in <module>
    run()
  File "/opt/***/scripts/gold_aggregation.py", line 95, in run
    raise RuntimeError(f"No existe {SOURCE_POSTS}. Ejecutar silver_manual_posts_light.py primero.")
RuntimeError: No existe nessie.silver.posts_hist. Ejecutar silver_manual_posts_light.py primero.
[2026-04-15T17:21:28.460+0000] {logging_mixin.py:190} INFO - STDERR: /home/***/.local/lib/python3.12/site-packages/pyspark/bin/load-spark-env.sh: line 68: ps: command not found
26/04/15 17:21:21 WARN NativeCodeLoader: Unable to load native-hadoop library for your platform... using builtin-java classes where applicable
26/04/15 17:21:23 INFO SparkContext: Running Spark version 3.5.5
26/04/15 17:21:23 INFO SparkContext: OS info Linux, 6.6.87.2-microsoft-standard-WSL2, amd64
26/04/15 17:21:23 INFO SparkContext: Java version 17.0.18
26/04/15 17:21:23 INFO ResourceUtils: ==============================================================
26/04/15 17:21:23 INFO ResourceUtils: No custom resources configured for spark.driver.
26/04/15 17:21:23 INFO ResourceUtils: ==============================================================
26/04/15 17:21:23 INFO SparkContext: Submitted application: gold_aggregation
26/04/15 17:21:23 INFO ResourceProfile: Default ResourceProfile created, executor resources: Map(memoryOverhead -> name: memoryOverhead, amount: 512, script: , vendor: , cores -> name: cores, amount: 1, script: , vendor: , memory -> name: memory, amount: 2048, script: , vendor: , offHeap -> name: offHeap, amount: 0, script: , vendor: ), task resources: Map(cpus -> name: cpus, amount: 1.0)
26/04/15 17:21:23 INFO ResourceProfile: Limiting resource is cpus at 1 tasks per executor
26/04/15 17:21:23 INFO ResourceProfileManager: Added ResourceProfile id: 0
26/04/15 17:21:23 INFO SecurityManager: Changing view acls to: ***
26/04/15 17:21:23 INFO SecurityManager: Changing modify acls to: ***
26/04/15 17:21:23 INFO SecurityManager: Changing view acls groups to: 
26/04/15 17:21:23 INFO SecurityManager: Changing modify acls groups to: 
26/04/15 17:21:23 INFO SecurityManager: SecurityManager: authentication disabled; ui acls disabled; users with view permissions: ***; groups with view permissions: EMPTY; users with modify permissions: ***; groups with modify permissions: EMPTY
26/04/15 17:21:23 INFO Utils: Successfully started service 'sparkDriver' on port 34251.
26/04/15 17:21:23 INFO SparkEnv: Registering MapOutputTracker
26/04/15 17:21:23 INFO SparkEnv: Registering BlockManagerMaster
26/04/15 17:21:23 INFO BlockManagerMasterEndpoint: Using org.apache.spark.storage.DefaultTopologyMapper for getting topology information
26/04/15 17:21:23 INFO BlockManagerMasterEndpoint: BlockManagerMasterEndpoint up
26/04/15 17:21:23 INFO SparkEnv: Registering BlockManagerMasterHeartbeat
26/04/15 17:21:23 INFO DiskBlockManager: Created local directory at /tmp/blockmgr-0af19e72-2836-4987-983d-6f180809a75d
26/04/15 17:21:23 INFO MemoryStore: MemoryStore started with capacity 1048.8 MiB
26/04/15 17:21:23 INFO SparkEnv: Registering OutputCommitCoordinator
26/04/15 17:21:23 INFO JettyUtils: Start Jetty 0.0.0.0:4040 for SparkUI
26/04/15 17:21:23 INFO Utils: Successfully started service 'SparkUI' on port 4040.
26/04/15 17:21:23 INFO SparkContext: Added JAR file:///opt/spark-jars/hadoop-aws-3.3.4.jar at spark://***-worker:34251/jars/hadoop-aws-3.3.4.jar with timestamp 1776273683163
26/04/15 17:21:23 INFO SparkContext: Added JAR file:///opt/spark-jars/aws-java-sdk-bundle-1.12.262.jar at spark://***-worker:34251/jars/aws-java-sdk-bundle-1.12.262.jar with timestamp 1776273683163
26/04/15 17:21:23 INFO SparkContext: Added JAR file:///opt/spark-jars/bundle-2.24.8.jar at spark://***-worker:34251/jars/bundle-2.24.8.jar with timestamp 1776273683163
26/04/15 17:21:23 INFO SparkContext: Added JAR file:///opt/spark-jars/url-connection-client-2.24.8.jar at spark://***-worker:34251/jars/url-connection-client-2.24.8.jar with timestamp 1776273683163
26/04/15 17:21:23 INFO SparkContext: Added JAR file:///opt/spark-jars/iceberg-spark-runtime-3.5_2.12-1.5.0.jar at spark://***-worker:34251/jars/iceberg-spark-runtime-3.5_2.12-1.5.0.jar with timestamp 1776273683163
26/04/15 17:21:23 INFO SparkContext: Added JAR file:///opt/spark-jars/nessie-spark-extensions-3.5_2.12-0.77.1.jar at spark://***-worker:34251/jars/nessie-spark-extensions-3.5_2.12-0.77.1.jar with timestamp 1776273683163
26/04/15 17:21:23 INFO StandaloneAppClient$ClientEndpoint: Connecting to master spark://spark-master:7077...
26/04/15 17:21:23 INFO TransportClientFactory: Successfully created connection to spark-master/172.18.0.8:7077 after 18 ms (0 ms spent in bootstraps)
26/04/15 17:21:24 INFO StandaloneSchedulerBackend: Connected to Spark cluster with app ID app-20260415172124-0009
26/04/15 17:21:24 INFO StandaloneAppClient$ClientEndpoint: Executor added: app-20260415172124-0009/0 on worker-20260415164511-172.18.0.9-44191 (172.18.0.9:44191) with 1 core(s)
26/04/15 17:21:24 INFO StandaloneSchedulerBackend: Granted executor ID app-20260415172124-0009/0 on hostPort 172.18.0.9:44191 with 1 core(s), 2.0 GiB RAM
26/04/15 17:21:24 INFO Utils: Successfully started service 'org.apache.spark.network.netty.NettyBlockTransferService' on port 45261.
26/04/15 17:21:24 INFO NettyBlockTransferService: Server created on ***-worker 0.0.0.0:45261
26/04/15 17:21:24 INFO BlockManager: Using org.apache.spark.storage.RandomBlockReplicationPolicy for block replication policy
26/04/15 17:21:24 INFO BlockManagerMaster: Registering BlockManager BlockManagerId(driver, ***-worker, 45261, None)
26/04/15 17:21:24 INFO BlockManagerMasterEndpoint: Registering block manager ***-worker:45261 with 1048.8 MiB RAM, BlockManagerId(driver, ***-worker, 45261, None)
26/04/15 17:21:24 INFO BlockManagerMaster: Registered BlockManager BlockManagerId(driver, ***-worker, 45261, None)
26/04/15 17:21:24 INFO BlockManager: Initialized BlockManager: BlockManagerId(driver, ***-worker, 45261, None)
26/04/15 17:21:24 INFO StandaloneAppClient$ClientEndpoint: Executor updated: app-20260415172124-0009/0 is now RUNNING
26/04/15 17:21:24 INFO StandaloneSchedulerBackend: SchedulerBackend is ready for scheduling beginning after reached minRegisteredResourcesRatio: 0.0
26/04/15 17:21:24 INFO SharedState: Setting hive.metastore.warehouse.dir ('null') to the value of spark.sql.warehouse.dir.
26/04/15 17:21:24 INFO SharedState: Warehouse path is 'file:/opt/***/spark-warehouse'.
26/04/15 17:21:26 INFO CatalogUtil: Loading custom FileIO implementation: org.apache.iceberg.aws.s3.S3FileIO
26/04/15 17:21:27 INFO SparkContext: Invoking stop() from shutdown hook
26/04/15 17:21:27 INFO SparkContext: SparkContext is stopping with exitCode 0.
26/04/15 17:21:27 INFO SparkUI: Stopped Spark web UI at http://***-worker:4040
26/04/15 17:21:27 INFO StandaloneSchedulerBackend: Shutting down all executors
26/04/15 17:21:27 INFO StandaloneSchedulerBackend$StandaloneDriverEndpoint: Asking each executor to shut down
26/04/15 17:21:27 INFO MapOutputTrackerMasterEndpoint: MapOutputTrackerMasterEndpoint stopped!
26/04/15 17:21:27 INFO MemoryStore: MemoryStore cleared
26/04/15 17:21:27 INFO BlockManager: BlockManager stopped
26/04/15 17:21:28 INFO BlockManagerMaster: BlockManagerMaster stopped
26/04/15 17:21:28 INFO OutputCommitCoordinator$OutputCommitCoordinatorEndpoint: OutputCommitCoordinator stopped!
26/04/15 17:21:28 INFO SparkContext: Successfully stopped SparkContext
26/04/15 17:21:28 INFO ShutdownHookManager: Shutdown hook called
26/04/15 17:21:28 INFO ShutdownHookManager: Deleting directory /tmp/spark-c194f095-285e-40c9-8b68-4f52c8f78ec4
26/04/15 17:21:28 INFO ShutdownHookManager: Deleting directory /tmp/spark-670499fb-1272-4e11-9846-f554602fc221/pyspark-c45838c4-eaaf-43c6-9e7a-d4610ff381ce
26/04/15 17:21:28 INFO ShutdownHookManager: Deleting directory /tmp/spark-670499fb-1272-4e11-9846-f554602fc221
[2026-04-15T17:21:28.462+0000] {taskinstance.py:3311} ERROR - Task failed with exception
Traceback (most recent call last):
  File "/home/airflow/.local/lib/python3.12/site-packages/airflow/models/taskinstance.py", line 767, in _execute_task
    result = _execute_callable(context=context, **execute_callable_kwargs)
             ^^^^^^^^^^^^^^^^^^^^^^^^^^^^^^^^^^^^^^^^^^^^^^^^^^^^^^^^^^^^^
  File "/home/airflow/.local/lib/python3.12/site-packages/airflow/models/taskinstance.py", line 733, in _execute_callable
    return ExecutionCallableRunner(
           ^^^^^^^^^^^^^^^^^^^^^^^^
  File "/home/airflow/.local/lib/python3.12/site-packages/airflow/utils/operator_helpers.py", line 252, in run
    return self.func(*args, **kwargs)
           ^^^^^^^^^^^^^^^^^^^^^^^^^^
  File "/home/airflow/.local/lib/python3.12/site-packages/airflow/models/baseoperator.py", line 417, in wrapper
    return func(self, *args, **kwargs)
           ^^^^^^^^^^^^^^^^^^^^^^^^^^^
  File "/home/airflow/.local/lib/python3.12/site-packages/airflow/operators/python.py", line 238, in execute
    return_value = self.execute_callable()
                   ^^^^^^^^^^^^^^^^^^^^^^^
  File "/home/airflow/.local/lib/python3.12/site-packages/airflow/operators/python.py", line 256, in execute_callable
    return runner.run(*self.op_args, **self.op_kwargs)
           ^^^^^^^^^^^^^^^^^^^^^^^^^^^^^^^^^^^^^^^^^^^
  File "/home/airflow/.local/lib/python3.12/site-packages/airflow/utils/operator_helpers.py", line 252, in run
    return self.func(*args, **kwargs)
           ^^^^^^^^^^^^^^^^^^^^^^^^^^
  File "/opt/airflow/dags/stackoverflow_lakehouse_dag.py", line 147, in gold_task
    _spark_submit("gold_aggregation.py")
  File "/opt/airflow/dags/stackoverflow_lakehouse_dag.py", line 123, in _spark_submit
    raise RuntimeError(f"spark-submit falló con código {result.returncode}")
RuntimeError: spark-submit falló con código 1
[2026-04-15T17:21:28.483+0000] {taskinstance.py:1225} INFO - Marking task as FAILED. dag_id=stackoverflow_lakehouse_pipeline, task_id=gold_aggregation_post_counts, run_id=manual__2026-04-15T17:10:22.160371+00:00, execution_date=20260415T171022, start_date=20260415T172119, end_date=20260415T172128
[2026-04-15T17:21:28.500+0000] {taskinstance.py:340} INFO - ::group::Post task execution logs
[2026-04-15T17:21:28.501+0000] {standard_task_runner.py:124} ERROR - Failed to execute job 32 for task gold_aggregation_post_counts (spark-submit falló con código 1; 2181)
Traceback (most recent call last):
  File "/home/airflow/.local/lib/python3.12/site-packages/airflow/task/task_runner/standard_task_runner.py", line 117, in _start_by_fork
    ret = args.func(args, dag=self.dag)
          ^^^^^^^^^^^^^^^^^^^^^^^^^^^^^
  File "/home/airflow/.local/lib/python3.12/site-packages/airflow/cli/cli_config.py", line 49, in command
    return func(*args, **kwargs)
           ^^^^^^^^^^^^^^^^^^^^^
  File "/home/airflow/.local/lib/python3.12/site-packages/airflow/utils/cli.py", line 116, in wrapper
    return f(*args, **kwargs)
           ^^^^^^^^^^^^^^^^^^
  File "/home/airflow/.local/lib/python3.12/site-packages/airflow/cli/commands/task_command.py", line 483, in task_run
    task_return_code = _run_task_by_selected_method(args, _dag, ti)
                       ^^^^^^^^^^^^^^^^^^^^^^^^^^^^^^^^^^^^^^^^^^^^
  File "/home/airflow/.local/lib/python3.12/site-packages/airflow/cli/commands/task_command.py", line 256, in _run_task_by_selected_method
    return _run_raw_task(args, ti)
           ^^^^^^^^^^^^^^^^^^^^^^^
  File "/home/airflow/.local/lib/python3.12/site-packages/airflow/cli/commands/task_command.py", line 341, in _run_raw_task
    return ti._run_raw_task(
           ^^^^^^^^^^^^^^^^^
  File "/home/airflow/.local/lib/python3.12/site-packages/airflow/utils/session.py", line 97, in wrapper
    return func(*args, session=session, **kwargs)
           ^^^^^^^^^^^^^^^^^^^^^^^^^^^^^^^^^^^^^^
  File "/home/airflow/.local/lib/python3.12/site-packages/airflow/models/taskinstance.py", line 3005, in _run_raw_task
    return _run_raw_task(
           ^^^^^^^^^^^^^^
  File "/home/airflow/.local/lib/python3.12/site-packages/airflow/models/taskinstance.py", line 273, in _run_raw_task
    TaskInstance._execute_task_with_callbacks(
  File "/home/airflow/.local/lib/python3.12/site-packages/airflow/models/taskinstance.py", line 3159, in _execute_task_with_callbacks
    result = self._execute_task(context, task_orig)
             ^^^^^^^^^^^^^^^^^^^^^^^^^^^^^^^^^^^^^^
  File "/home/airflow/.local/lib/python3.12/site-packages/airflow/models/taskinstance.py", line 3183, in _execute_task
    return _execute_task(self, context, task_orig)
           ^^^^^^^^^^^^^^^^^^^^^^^^^^^^^^^^^^^^^^^
  File "/home/airflow/.local/lib/python3.12/site-packages/airflow/models/taskinstance.py", line 767, in _execute_task
    result = _execute_callable(context=context, **execute_callable_kwargs)
             ^^^^^^^^^^^^^^^^^^^^^^^^^^^^^^^^^^^^^^^^^^^^^^^^^^^^^^^^^^^^^
  File "/home/airflow/.local/lib/python3.12/site-packages/airflow/models/taskinstance.py", line 733, in _execute_callable
    return ExecutionCallableRunner(
           ^^^^^^^^^^^^^^^^^^^^^^^^
  File "/home/airflow/.local/lib/python3.12/site-packages/airflow/utils/operator_helpers.py", line 252, in run
    return self.func(*args, **kwargs)
           ^^^^^^^^^^^^^^^^^^^^^^^^^^
  File "/home/airflow/.local/lib/python3.12/site-packages/airflow/models/baseoperator.py", line 417, in wrapper
    return func(self, *args, **kwargs)
           ^^^^^^^^^^^^^^^^^^^^^^^^^^^
  File "/home/airflow/.local/lib/python3.12/site-packages/airflow/operators/python.py", line 238, in execute
    return_value = self.execute_callable()
                   ^^^^^^^^^^^^^^^^^^^^^^^
  File "/home/airflow/.local/lib/python3.12/site-packages/airflow/operators/python.py", line 256, in execute_callable
    return runner.run(*self.op_args, **self.op_kwargs)
           ^^^^^^^^^^^^^^^^^^^^^^^^^^^^^^^^^^^^^^^^^^^
  File "/home/airflow/.local/lib/python3.12/site-packages/airflow/utils/operator_helpers.py", line 252, in run
    return self.func(*args, **kwargs)
           ^^^^^^^^^^^^^^^^^^^^^^^^^^
  File "/opt/airflow/dags/stackoverflow_lakehouse_dag.py", line 147, in gold_task
    _spark_submit("gold_aggregation.py")
  File "/opt/airflow/dags/stackoverflow_lakehouse_dag.py", line 123, in _spark_submit
    raise RuntimeError(f"spark-submit falló con código {result.returncode}")
RuntimeError: spark-submit falló con código 1
[2026-04-15T17:21:28.552+0000] {local_task_job_runner.py:266} INFO - Task exited with return code 1
[2026-04-15T17:21:28.571+0000] {taskinstance.py:3895} INFO - 0 downstream tasks scheduled from follow-on schedule check
[2026-04-15T17:21:28.579+0000] {local_task_job_runner.py:245} INFO - ::endgroup::
