[2026-04-15T18:42:22.390+0000] {local_task_job_runner.py:123} INFO - ::group::Pre task execution logs
[2026-04-15T18:42:22.408+0000] {taskinstance.py:2613} INFO - Dependencies all met for dep_context=non-requeueable deps ti=<TaskInstance: stackoverflow_lakehouse_pipeline.bronze_ingest_users_2021 manual__2026-04-15T18:42:21.239568+00:00 [queued]>
[2026-04-15T18:42:22.419+0000] {taskinstance.py:2613} INFO - Dependencies all met for dep_context=requeueable deps ti=<TaskInstance: stackoverflow_lakehouse_pipeline.bronze_ingest_users_2021 manual__2026-04-15T18:42:21.239568+00:00 [queued]>
[2026-04-15T18:42:22.420+0000] {taskinstance.py:2866} INFO - Starting attempt 1 of 3
[2026-04-15T18:42:22.434+0000] {taskinstance.py:2889} INFO - Executing <Task(PythonOperator): bronze_ingest_users_2021> on 2026-04-15 18:42:21.239568+00:00
[2026-04-15T18:42:22.441+0000] {warnings.py:112} WARNING - /home/***/.local/lib/python3.12/site-packages/***/task/task_runner/standard_task_runner.py:70: DeprecationWarning: This process (pid=197) is multi-threaded, use of fork() may lead to deadlocks in the child.
  pid = os.fork()

[2026-04-15T18:42:22.443+0000] {standard_task_runner.py:72} INFO - Started process 198 to run task
[2026-04-15T18:42:22.443+0000] {standard_task_runner.py:104} INFO - Running: ['***', 'tasks', 'run', 'stackoverflow_lakehouse_pipeline', 'bronze_ingest_users_2021', 'manual__2026-04-15T18:42:21.239568+00:00', '--job-id', '39', '--raw', '--subdir', 'DAGS_FOLDER/stackoverflow_lakehouse_dag.py', '--cfg-path', '/tmp/tmpne3dy_j3']
[2026-04-15T18:42:22.445+0000] {standard_task_runner.py:105} INFO - Job 39: Subtask bronze_ingest_users_2021
[2026-04-15T18:42:22.502+0000] {task_command.py:467} INFO - Running <TaskInstance: stackoverflow_lakehouse_pipeline.bronze_ingest_users_2021 manual__2026-04-15T18:42:21.239568+00:00 [running]> on host e15dcc3dcd5e
[2026-04-15T18:42:22.586+0000] {taskinstance.py:3132} INFO - Exporting env vars: AIRFLOW_CTX_DAG_OWNER='***' AIRFLOW_CTX_DAG_ID='stackoverflow_lakehouse_pipeline' AIRFLOW_CTX_TASK_ID='bronze_ingest_users_2021' AIRFLOW_CTX_EXECUTION_DATE='2026-04-15T18:42:21.239568+00:00' AIRFLOW_CTX_TRY_NUMBER='1' AIRFLOW_CTX_DAG_RUN_ID='manual__2026-04-15T18:42:21.239568+00:00'
[2026-04-15T18:42:22.587+0000] {taskinstance.py:731} INFO - ::endgroup::
[2026-04-15T18:42:22.611+0000] {logging_mixin.py:190} INFO - 
============================================================
[2026-04-15T18:42:22.612+0000] {logging_mixin.py:190} INFO -   TAREA 1: BRONZE — Ingesta users_2021
[2026-04-15T18:42:22.612+0000] {logging_mixin.py:190} INFO - ============================================================
[2026-04-15T18:42:22.613+0000] {logging_mixin.py:190} INFO - Ejecutando: spark-submit --master spark://spark-master:7077 ... bronze_ingest_users.py
[2026-04-15T18:44:06.907+0000] {job.py:229} INFO - Heartbeat recovered after 18.23 seconds
[2026-04-15T18:44:07.003+0000] {logging_mixin.py:190} INFO - 
============================================================
  BRONZE INGEST — users_2021
============================================================

[1/2] Descargando y filtrando users año 2021 ...
  Descargando https://datasets-documentation.s3.eu-west-3.amazonaws.com/stackoverflow/parquet/users.parquet ...
  (Optimizado: columnas + retry + control de memoria)
[2026-04-15T18:44:07.004+0000] {logging_mixin.py:190} INFO - STDERR: /home/***/.local/lib/python3.12/site-packages/pyspark/bin/load-spark-env.sh: line 68: ps: command not found
26/04/15 18:42:25 WARN NativeCodeLoader: Unable to load native-hadoop library for your platform... using builtin-java classes where applicable
26/04/15 18:44:06 INFO ShutdownHookManager: Shutdown hook called
26/04/15 18:44:06 INFO ShutdownHookManager: Deleting directory /tmp/spark-bd90edac-7cdc-40e6-bc1c-45543cd83d70
[2026-04-15T18:44:07.006+0000] {taskinstance.py:3311} ERROR - Task failed with exception
Traceback (most recent call last):
  File "/home/airflow/.local/lib/python3.12/site-packages/airflow/models/taskinstance.py", line 767, in _execute_task
    result = _execute_callable(context=context, **execute_callable_kwargs)
             ^^^^^^^^^^^^^^^^^^^^^^^^^^^^^^^^^^^^^^^^^^^^^^^^^^^^^^^^^^^^^
  File "/home/airflow/.local/lib/python3.12/site-packages/airflow/models/taskinstance.py", line 733, in _execute_callable
    return ExecutionCallableRunner(
           ^^^^^^^^^^^^^^^^^^^^^^^^
  File "/home/airflow/.local/lib/python3.12/site-packages/airflow/utils/operator_helpers.py", line 252, in run
    return self.func(*args, **kwargs)
           ^^^^^^^^^^^^^^^^^^^^^^^^^^
  File "/home/airflow/.local/lib/python3.12/site-packages/airflow/models/baseoperator.py", line 417, in wrapper
    return func(self, *args, **kwargs)
           ^^^^^^^^^^^^^^^^^^^^^^^^^^^
  File "/home/airflow/.local/lib/python3.12/site-packages/airflow/operators/python.py", line 238, in execute
    return_value = self.execute_callable()
                   ^^^^^^^^^^^^^^^^^^^^^^^
  File "/home/airflow/.local/lib/python3.12/site-packages/airflow/operators/python.py", line 256, in execute_callable
    return runner.run(*self.op_args, **self.op_kwargs)
           ^^^^^^^^^^^^^^^^^^^^^^^^^^^^^^^^^^^^^^^^^^^
  File "/home/airflow/.local/lib/python3.12/site-packages/airflow/utils/operator_helpers.py", line 252, in run
    return self.func(*args, **kwargs)
           ^^^^^^^^^^^^^^^^^^^^^^^^^^
  File "/opt/airflow/dags/stackoverflow_lakehouse_dag.py", line 131, in bronze_task
    _spark_submit("bronze_ingest_users.py")
  File "/opt/airflow/dags/stackoverflow_lakehouse_dag.py", line 123, in _spark_submit
    raise RuntimeError(f"spark-submit falló con código {result.returncode}")
RuntimeError: spark-submit falló con código 137
[2026-04-15T18:44:07.060+0000] {taskinstance.py:1225} INFO - Marking task as UP_FOR_RETRY. dag_id=stackoverflow_lakehouse_pipeline, task_id=bronze_ingest_users_2021, run_id=manual__2026-04-15T18:42:21.239568+00:00, execution_date=20260415T184221, start_date=20260415T184222, end_date=20260415T184407
[2026-04-15T18:44:07.102+0000] {taskinstance.py:340} INFO - ::group::Post task execution logs
[2026-04-15T18:44:07.106+0000] {standard_task_runner.py:124} ERROR - Failed to execute job 39 for task bronze_ingest_users_2021 (spark-submit falló con código 137; 198)
Traceback (most recent call last):
  File "/home/airflow/.local/lib/python3.12/site-packages/airflow/task/task_runner/standard_task_runner.py", line 117, in _start_by_fork
    ret = args.func(args, dag=self.dag)
          ^^^^^^^^^^^^^^^^^^^^^^^^^^^^^
  File "/home/airflow/.local/lib/python3.12/site-packages/airflow/cli/cli_config.py", line 49, in command
    return func(*args, **kwargs)
           ^^^^^^^^^^^^^^^^^^^^^
  File "/home/airflow/.local/lib/python3.12/site-packages/airflow/utils/cli.py", line 116, in wrapper
    return f(*args, **kwargs)
           ^^^^^^^^^^^^^^^^^^
  File "/home/airflow/.local/lib/python3.12/site-packages/airflow/cli/commands/task_command.py", line 483, in task_run
    task_return_code = _run_task_by_selected_method(args, _dag, ti)
                       ^^^^^^^^^^^^^^^^^^^^^^^^^^^^^^^^^^^^^^^^^^^^
  File "/home/airflow/.local/lib/python3.12/site-packages/airflow/cli/commands/task_command.py", line 256, in _run_task_by_selected_method
    return _run_raw_task(args, ti)
           ^^^^^^^^^^^^^^^^^^^^^^^
  File "/home/airflow/.local/lib/python3.12/site-packages/airflow/cli/commands/task_command.py", line 341, in _run_raw_task
    return ti._run_raw_task(
           ^^^^^^^^^^^^^^^^^
  File "/home/airflow/.local/lib/python3.12/site-packages/airflow/utils/session.py", line 97, in wrapper
    return func(*args, session=session, **kwargs)
           ^^^^^^^^^^^^^^^^^^^^^^^^^^^^^^^^^^^^^^
  File "/home/airflow/.local/lib/python3.12/site-packages/airflow/models/taskinstance.py", line 3005, in _run_raw_task
    return _run_raw_task(
           ^^^^^^^^^^^^^^
  File "/home/airflow/.local/lib/python3.12/site-packages/airflow/models/taskinstance.py", line 273, in _run_raw_task
    TaskInstance._execute_task_with_callbacks(
  File "/home/airflow/.local/lib/python3.12/site-packages/airflow/models/taskinstance.py", line 3159, in _execute_task_with_callbacks
    result = self._execute_task(context, task_orig)
             ^^^^^^^^^^^^^^^^^^^^^^^^^^^^^^^^^^^^^^
  File "/home/airflow/.local/lib/python3.12/site-packages/airflow/models/taskinstance.py", line 3183, in _execute_task
    return _execute_task(self, context, task_orig)
           ^^^^^^^^^^^^^^^^^^^^^^^^^^^^^^^^^^^^^^^
  File "/home/airflow/.local/lib/python3.12/site-packages/airflow/models/taskinstance.py", line 767, in _execute_task
    result = _execute_callable(context=context, **execute_callable_kwargs)
             ^^^^^^^^^^^^^^^^^^^^^^^^^^^^^^^^^^^^^^^^^^^^^^^^^^^^^^^^^^^^^
  File "/home/airflow/.local/lib/python3.12/site-packages/airflow/models/taskinstance.py", line 733, in _execute_callable
    return ExecutionCallableRunner(
           ^^^^^^^^^^^^^^^^^^^^^^^^
  File "/home/airflow/.local/lib/python3.12/site-packages/airflow/utils/operator_helpers.py", line 252, in run
    return self.func(*args, **kwargs)
           ^^^^^^^^^^^^^^^^^^^^^^^^^^
  File "/home/airflow/.local/lib/python3.12/site-packages/airflow/models/baseoperator.py", line 417, in wrapper
    return func(self, *args, **kwargs)
           ^^^^^^^^^^^^^^^^^^^^^^^^^^^
  File "/home/airflow/.local/lib/python3.12/site-packages/airflow/operators/python.py", line 238, in execute
    return_value = self.execute_callable()
                   ^^^^^^^^^^^^^^^^^^^^^^^
  File "/home/airflow/.local/lib/python3.12/site-packages/airflow/operators/python.py", line 256, in execute_callable
    return runner.run(*self.op_args, **self.op_kwargs)
           ^^^^^^^^^^^^^^^^^^^^^^^^^^^^^^^^^^^^^^^^^^^
  File "/home/airflow/.local/lib/python3.12/site-packages/airflow/utils/operator_helpers.py", line 252, in run
    return self.func(*args, **kwargs)
           ^^^^^^^^^^^^^^^^^^^^^^^^^^
  File "/opt/airflow/dags/stackoverflow_lakehouse_dag.py", line 131, in bronze_task
    _spark_submit("bronze_ingest_users.py")
  File "/opt/airflow/dags/stackoverflow_lakehouse_dag.py", line 123, in _spark_submit
    raise RuntimeError(f"spark-submit falló con código {result.returncode}")
RuntimeError: spark-submit falló con código 137
[2026-04-15T18:44:07.180+0000] {local_task_job_runner.py:266} INFO - Task exited with return code 1
[2026-04-15T18:44:07.232+0000] {taskinstance.py:3895} INFO - 0 downstream tasks scheduled from follow-on schedule check
[2026-04-15T18:44:07.240+0000] {local_task_job_runner.py:245} INFO - ::endgroup::
