[2026-04-15T18:48:09.959+0000] {local_task_job_runner.py:123} INFO - ::group::Pre task execution logs
[2026-04-15T18:48:09.983+0000] {taskinstance.py:2613} INFO - Dependencies all met for dep_context=non-requeueable deps ti=<TaskInstance: stackoverflow_lakehouse_pipeline.bronze_ingest_users_2021 manual__2026-04-15T18:42:21.239568+00:00 [queued]>
[2026-04-15T18:48:09.995+0000] {taskinstance.py:2613} INFO - Dependencies all met for dep_context=requeueable deps ti=<TaskInstance: stackoverflow_lakehouse_pipeline.bronze_ingest_users_2021 manual__2026-04-15T18:42:21.239568+00:00 [queued]>
[2026-04-15T18:48:09.996+0000] {taskinstance.py:2866} INFO - Starting attempt 3 of 5
[2026-04-15T18:48:10.012+0000] {taskinstance.py:2889} INFO - Executing <Task(PythonOperator): bronze_ingest_users_2021> on 2026-04-15 18:42:21.239568+00:00
[2026-04-15T18:48:10.019+0000] {warnings.py:112} WARNING - /home/***/.local/lib/python3.12/site-packages/***/task/task_runner/standard_task_runner.py:70: DeprecationWarning: This process (pid=378) is multi-threaded, use of fork() may lead to deadlocks in the child.
  pid = os.fork()

[2026-04-15T18:48:10.021+0000] {standard_task_runner.py:72} INFO - Started process 379 to run task
[2026-04-15T18:48:10.021+0000] {standard_task_runner.py:104} INFO - Running: ['***', 'tasks', 'run', 'stackoverflow_lakehouse_pipeline', 'bronze_ingest_users_2021', 'manual__2026-04-15T18:42:21.239568+00:00', '--job-id', '41', '--raw', '--subdir', 'DAGS_FOLDER/stackoverflow_lakehouse_dag.py', '--cfg-path', '/tmp/tmpy89bi2ct']
[2026-04-15T18:48:10.022+0000] {standard_task_runner.py:105} INFO - Job 41: Subtask bronze_ingest_users_2021
[2026-04-15T18:48:10.077+0000] {task_command.py:467} INFO - Running <TaskInstance: stackoverflow_lakehouse_pipeline.bronze_ingest_users_2021 manual__2026-04-15T18:42:21.239568+00:00 [running]> on host e15dcc3dcd5e
[2026-04-15T18:48:10.165+0000] {taskinstance.py:3132} INFO - Exporting env vars: AIRFLOW_CTX_DAG_OWNER='***' AIRFLOW_CTX_DAG_ID='stackoverflow_lakehouse_pipeline' AIRFLOW_CTX_TASK_ID='bronze_ingest_users_2021' AIRFLOW_CTX_EXECUTION_DATE='2026-04-15T18:42:21.239568+00:00' AIRFLOW_CTX_TRY_NUMBER='3' AIRFLOW_CTX_DAG_RUN_ID='manual__2026-04-15T18:42:21.239568+00:00'
[2026-04-15T18:48:10.166+0000] {taskinstance.py:731} INFO - ::endgroup::
[2026-04-15T18:48:10.191+0000] {logging_mixin.py:190} INFO - 
============================================================
[2026-04-15T18:48:10.192+0000] {logging_mixin.py:190} INFO -   TAREA 1: BRONZE — Ingesta users_2021
[2026-04-15T18:48:10.192+0000] {logging_mixin.py:190} INFO - ============================================================
[2026-04-15T18:48:11.427+0000] {logging_mixin.py:190} INFO - 
============================================================
[2026-04-15T18:48:11.428+0000] {logging_mixin.py:190} INFO -   BRONZE INGEST — users_2021
[2026-04-15T18:48:11.429+0000] {logging_mixin.py:190} INFO - ============================================================
[2026-04-15T18:48:11.430+0000] {logging_mixin.py:190} INFO - 
[1/2] Descargando y filtrando users año 2021 ...
[2026-04-15T18:48:11.431+0000] {logging_mixin.py:190} INFO -   Descargando https://datasets-documentation.s3.eu-west-3.amazonaws.com/stackoverflow/parquet/users.parquet ...
[2026-04-15T18:48:11.432+0000] {logging_mixin.py:190} INFO -   (Optimizado: columnas + retry + control de memoria)
[2026-04-15T18:50:16.323+0000] {job.py:229} INFO - Heartbeat recovered after 45.38 seconds
[2026-04-15T18:50:16.349+0000] {local_task_job_runner.py:266} INFO - Task exited with return code -9. For more information, see https://***.apache.org/docs/apache-***/stable/troubleshooting.html#LocalTaskJob-killed
[2026-04-15T18:50:16.395+0000] {taskinstance.py:3895} INFO - 0 downstream tasks scheduled from follow-on schedule check
[2026-04-15T18:50:16.398+0000] {local_task_job_runner.py:245} INFO - ::endgroup::
