[2026-04-15T16:34:10.411+0000] {local_task_job_runner.py:123} INFO - ::group::Pre task execution logs
[2026-04-15T16:34:10.435+0000] {taskinstance.py:2613} INFO - Dependencies all met for dep_context=non-requeueable deps ti=<TaskInstance: stackoverflow_lakehouse_pipeline.bronze_ingest_users_2021 manual__2026-04-15T16:34:08.824104+00:00 [queued]>
[2026-04-15T16:34:10.444+0000] {taskinstance.py:2613} INFO - Dependencies all met for dep_context=requeueable deps ti=<TaskInstance: stackoverflow_lakehouse_pipeline.bronze_ingest_users_2021 manual__2026-04-15T16:34:08.824104+00:00 [queued]>
[2026-04-15T16:34:10.445+0000] {taskinstance.py:2866} INFO - Starting attempt 1 of 3
[2026-04-15T16:34:10.458+0000] {taskinstance.py:2889} INFO - Executing <Task(PythonOperator): bronze_ingest_users_2021> on 2026-04-15 16:34:08.824104+00:00
[2026-04-15T16:34:10.464+0000] {warnings.py:112} WARNING - /home/***/.local/lib/python3.12/site-packages/***/task/task_runner/standard_task_runner.py:70: DeprecationWarning: This process (pid=850) is multi-threaded, use of fork() may lead to deadlocks in the child.
  pid = os.fork()

[2026-04-15T16:34:10.466+0000] {standard_task_runner.py:104} INFO - Running: ['***', 'tasks', 'run', 'stackoverflow_lakehouse_pipeline', 'bronze_ingest_users_2021', 'manual__2026-04-15T16:34:08.824104+00:00', '--job-id', '6', '--raw', '--subdir', 'DAGS_FOLDER/stackoverflow_lakehouse_dag.py', '--cfg-path', '/tmp/tmpp170lffz']
[2026-04-15T16:34:10.468+0000] {standard_task_runner.py:72} INFO - Started process 851 to run task
[2026-04-15T16:34:10.468+0000] {standard_task_runner.py:105} INFO - Job 6: Subtask bronze_ingest_users_2021
[2026-04-15T16:34:10.514+0000] {task_command.py:467} INFO - Running <TaskInstance: stackoverflow_lakehouse_pipeline.bronze_ingest_users_2021 manual__2026-04-15T16:34:08.824104+00:00 [running]> on host 3159b0321506
[2026-04-15T16:34:10.594+0000] {taskinstance.py:3132} INFO - Exporting env vars: AIRFLOW_CTX_DAG_OWNER='***' AIRFLOW_CTX_DAG_ID='stackoverflow_lakehouse_pipeline' AIRFLOW_CTX_TASK_ID='bronze_ingest_users_2021' AIRFLOW_CTX_EXECUTION_DATE='2026-04-15T16:34:08.824104+00:00' AIRFLOW_CTX_TRY_NUMBER='1' AIRFLOW_CTX_DAG_RUN_ID='manual__2026-04-15T16:34:08.824104+00:00'
[2026-04-15T16:34:10.595+0000] {taskinstance.py:731} INFO - ::endgroup::
[2026-04-15T16:34:10.639+0000] {logging_mixin.py:190} INFO - 
============================================================
[2026-04-15T16:34:10.639+0000] {logging_mixin.py:190} INFO -   TAREA 1: BRONZE — Ingesta users_2021
[2026-04-15T16:34:10.640+0000] {logging_mixin.py:190} INFO - ============================================================
[2026-04-15T16:34:12.356+0000] {logging_mixin.py:190} INFO - 
============================================================
[2026-04-15T16:34:12.365+0000] {logging_mixin.py:190} INFO -   BRONZE INGEST — users_2021
[2026-04-15T16:34:12.367+0000] {logging_mixin.py:190} INFO - ============================================================
[2026-04-15T16:34:12.368+0000] {logging_mixin.py:190} INFO - 
[1/2] Descargando y filtrando users año 2021 ...
[2026-04-15T16:34:12.371+0000] {logging_mixin.py:190} INFO -   Descargando https://datasets-documentation.s3.eu-west-3.amazonaws.com/stackoverflow/parquet/users.parquet ...
[2026-04-15T16:34:12.383+0000] {logging_mixin.py:190} INFO -   (Archivo de ~1.3GB, puede tardar unos minutos)
[2026-04-15T16:35:32.124+0000] {local_task_job_runner.py:266} INFO - Task exited with return code -9. For more information, see https://***.apache.org/docs/apache-***/stable/troubleshooting.html#LocalTaskJob-killed
[2026-04-15T16:35:32.168+0000] {taskinstance.py:3895} INFO - 0 downstream tasks scheduled from follow-on schedule check
[2026-04-15T16:35:32.180+0000] {local_task_job_runner.py:245} INFO - ::endgroup::
